
============================================================
Orphaned Run Cleanup - 2025-11-11T20:45:01.904715
============================================================
Found 1 active runs to check
  - Launched: 1
  - Running: 0
  test_obj_run_001: No instance_id, skipping

============================================================
Cleanup complete: Updated 0 orphaned runs
============================================================


============================================================
Orphaned Run Cleanup - 2025-11-11T20:50:01.296472
============================================================
Found 1 active runs to check
  - Launched: 1
  - Running: 0
  test_obj_run_001: No instance_id, skipping

============================================================
Cleanup complete: Updated 0 orphaned runs
============================================================

